<?xml version="1.0" encoding="UTF-8"?>
<!-- Generated by org.testng.reporters.JUnitReportReporter -->
<testsuite hostname="LAPTOP-4EBV38TC" failures="0" tests="1" name="testCases.AccountRegistrationTest" time="2.224" errors="0" timestamp="2024-11-06T07:41:05 TRT" skipped="0">
  <testcase classname="testCases.AccountRegistrationTest" name="verifyAccountRegistration" time="2.224"/>
  <system-out/>
</testsuite> <!-- testCases.AccountRegistrationTest -->
