<?xml version="1.0" encoding="UTF-8"?>
<!-- Generated by org.testng.reporters.JUnitReportReporter -->
<testsuite hostname="LAPTOP-4EBV38TC" failures="0" tests="1" name="testCases.TC_001_AccountRegistrationTest" time="2.550" errors="0" timestamp="2024-11-04T09:05:11 TRT" skipped="0">
  <testcase classname="testCases.TC_001_AccountRegistrationTest" name="verifyAccountRegistration" time="2.550"/>
  <system-out/>
</testsuite> <!-- testCases.TC_001_AccountRegistrationTest -->
