<?xml version="1.0" encoding="UTF-8"?>
<!-- Generated by org.testng.reporters.JUnitReportReporter -->
<testsuite hostname="LAPTOP-4EBV38TC" failures="0" tests="1" name="testCases.TC_002_LoginTest" time="1.776" errors="0" timestamp="2024-11-04T13:42:36 TRT" skipped="0">
  <testcase classname="testCases.TC_002_LoginTest" name="verifyLogin" time="1.776"/>
  <system-out/>
</testsuite> <!-- testCases.TC_002_LoginTest -->
