<?xml version="1.0" encoding="UTF-8"?>
<!-- Generated by org.testng.reporters.JUnitReportReporter -->
<testsuite hostname="LAPTOP-4EBV38TC" failures="0" tests="6" name="testCases.LoginDataDrivenTest" time="58.697" errors="0" timestamp="2024-11-06T07:41:05 TRT" skipped="0">
  <testcase classname="testCases.LoginDataDrivenTest" name="verify_loginDDT" time="11.687"/>
  <system-out/>
  <testcase classname="testCases.LoginDataDrivenTest" name="verify_loginDDT" time="11.465"/>
  <system-out/>
  <testcase classname="testCases.LoginDataDrivenTest" name="verify_loginDDT" time="11.128"/>
  <system-out/>
  <testcase classname="testCases.LoginDataDrivenTest" name="verify_loginDDT" time="1.944"/>
  <system-out/>
  <testcase classname="testCases.LoginDataDrivenTest" name="verify_loginDDT" time="11.036"/>
  <system-out/>
  <testcase classname="testCases.LoginDataDrivenTest" name="verify_loginDDT" time="11.437"/>
  <system-out/>
</testsuite> <!-- testCases.LoginDataDrivenTest -->
