<?xml version="1.0" encoding="UTF-8"?>
<!-- Generated by org.testng.reporters.JUnitReportReporter -->
<testsuite hostname="LAPTOP-4EBV38TC" failures="0" tests="1" name="testCases.LoginTest" time="1.606" errors="0" timestamp="2024-11-06T08:18:10 TRT" skipped="0">
  <testcase classname="testCases.LoginTest" name="verifyLogin" time="1.606"/>
</testsuite> <!-- testCases.LoginTest -->
