<?xml version="1.0" encoding="UTF-8"?>
<!-- Generated by org.testng.reporters.JUnitReportReporter -->
<testsuite hostname="LAPTOP-4EBV38TC" failures="0" tests="6" name="testCases.LoginDataDrivenTest" time="59.290" errors="0" timestamp="2024-11-06T08:18:10 TRT" skipped="0">
  <testcase classname="testCases.LoginDataDrivenTest" name="verify_loginDDT" time="2.155"/>
  <testcase classname="testCases.LoginDataDrivenTest" name="verify_loginDDT" time="11.030"/>
  <testcase classname="testCases.LoginDataDrivenTest" name="verify_loginDDT" time="11.843"/>
  <testcase classname="testCases.LoginDataDrivenTest" name="verify_loginDDT" time="11.540"/>
  <testcase classname="testCases.LoginDataDrivenTest" name="verify_loginDDT" time="11.482"/>
  <testcase classname="testCases.LoginDataDrivenTest" name="verify_loginDDT" time="11.240"/>
</testsuite> <!-- testCases.LoginDataDrivenTest -->
