<?xml version="1.0" encoding="UTF-8"?>
<!-- Generated by org.testng.reporters.JUnitReportReporter -->
<testsuite hostname="LAPTOP-4EBV38TC" failures="0" tests="1" name="testCases.AccountRegistrationTest" time="3.046" errors="0" timestamp="2024-11-06T08:18:10 TRT" skipped="0">
  <testcase classname="testCases.AccountRegistrationTest" name="verifyAccountRegistration" time="3.046"/>
</testsuite> <!-- testCases.AccountRegistrationTest -->
